<?xml version="1.0" encoding="UTF-8"?>
<!-- Generated by org.testng.reporters.JUnitReportReporter -->
<testsuite hostname="SRINIVAS-G2005" failures="0" tests="1" name="guru99DemoSite.MouseActions" time="0.406" errors="0" timestamp="2025-03-24T20:05:55 IST" skipped="0">
  <testcase classname="guru99DemoSite.MouseActions" name="contextClick" time="0.406"/>
</testsuite> <!-- guru99DemoSite.MouseActions -->
