<?xml version="1.0" encoding="UTF-8"?>
<!-- Generated by org.testng.reporters.JUnitReportReporter -->
<testsuite hostname="SRINIVAS-G2005" failures="0" tests="1" name="automationBlogSpot.MouseActions" time="0.689" errors="0" timestamp="2025-03-24T20:59:53 IST" skipped="0">
  <testcase classname="automationBlogSpot.MouseActions" name="doubleClick" time="0.689"/>
</testsuite> <!-- automationBlogSpot.MouseActions -->
