<?xml version="1.0" encoding="UTF-8"?>
<!-- Generated by org.testng.reporters.JUnitReportReporter -->
<testsuite hostname="SRINIVAS-G2005" failures="0" tests="2" name="guru99DemoSite.MouseActions" time="0.618" errors="0" timestamp="2025-03-24T20:22:06 IST" skipped="0">
  <testcase classname="guru99DemoSite.MouseActions" name="contextClick" time="0.401"/>
  <testcase classname="guru99DemoSite.MouseActions" name="doubleClick" time="0.217"/>
</testsuite> <!-- guru99DemoSite.MouseActions -->
