<?xml version="1.0" encoding="UTF-8"?>
<!-- Generated by org.testng.reporters.JUnitReportReporter -->
<testsuite hostname="SRINIVAS-G2005" failures="0" tests="1" name="tutorialsPoint.HandlingMouseActions" time="0.044" errors="0" timestamp="2025-07-21T19:37:02 IST" skipped="0">
  <testcase classname="tutorialsPoint.HandlingMouseActions" name="clickOperation" time="0.044"/>
</testsuite> <!-- tutorialsPoint.HandlingMouseActions -->
